<?xml version="1.0" encoding="UTF-8"?>
<!-- Generated by org.testng.reporters.JUnitXMLReporter -->
<testsuite ignored="0" hostname="bcedbeecedffddaabcafcebcdbfbadaffdafa-0" failures="0" tests="3" name="Surefire test" time="21.255" errors="0" timestamp="2023-08-22T09:22:38 UTC">
  <testcase classname="testcases.Testcase1" name="Register" time="6.401"/>
  <testcase classname="testcases.Testcase1" name="Valid_Login_TC" time="2.327"/>
  <testcase classname="testcases.Testcase1" name="TC_Vote_003" time="2.64"/>
</testsuite> <!-- Surefire test -->
